<?xml version="1.0" encoding="UTF-8"?>
<!-- Generated by org.testng.reporters.JUnitReportReporter -->
<testsuite hostname="DESKTOP-DN5FO98" failures="0" tests="1" name="cashonpicktestpkg.Cashonpicktest" time="6.457" errors="0" timestamp="2024-07-19T17:51:38 IST" skipped="0">
  <testcase classname="cashonpicktestpkg.Cashonpicktest" name="test1" time="6.457"/>
  <system-out/>
</testsuite> <!-- cashonpicktestpkg.Cashonpicktest -->
