<?xml version="1.0" encoding="UTF-8"?>
<!-- Generated by org.testng.reporters.JUnitReportReporter -->
<testsuite hostname="DESKTOP-DN5FO98" failures="0" tests="1" name="testNgpkg.Keysautomation" time="4.901" errors="0" timestamp="2024-07-10T10:38:21 IST" skipped="0">
  <testcase classname="testNgpkg.Keysautomation" name="test" time="4.901"/>
  <system-out/>
</testsuite> <!-- testNgpkg.Keysautomation -->
