<?xml version="1.0" encoding="UTF-8"?>
<!-- Generated by org.testng.reporters.JUnitReportReporter -->
<testsuite hostname="DESKTOP-DN5FO98" failures="0" tests="1" name="example.pagig" time="2.133" errors="0" timestamp="2024-07-28T21:23:44 IST" skipped="0">
  <testcase classname="example.pagig" name="test" time="2.133"/>
  <system-out/>
</testsuite> <!-- example.pagig -->
