<?xml version="1.0" encoding="UTF-8"?>
<!-- Generated by org.testng.reporters.JUnitReportReporter -->
<testsuite hostname="DESKTOP-DN5FO98" failures="0" tests="1" name="Bookingtestpkg.Bookingtest" time="18.471" errors="0" timestamp="2024-07-30T13:45:38 IST" skipped="0">
  <testcase classname="Bookingtestpkg.Bookingtest" name="test" time="18.471"/>
  <system-out/>
</testsuite> <!-- Bookingtestpkg.Bookingtest -->
