<?xml version="1.0" encoding="UTF-8"?>
<!-- Generated by org.testng.reporters.JUnitReportReporter -->
<testsuite hostname="DESKTOP-DN5FO98" failures="0" tests="1" name="testNgpkg.Datadriven" time="15.184" errors="0" timestamp="2024-07-29T21:10:21 IST" skipped="0">
  <testcase classname="testNgpkg.Datadriven" name="test" time="15.184"/>
  <system-out/>
</testsuite> <!-- testNgpkg.Datadriven -->
