<?xml version="1.0" encoding="UTF-8"?>
<!-- Generated by org.testng.reporters.JUnitReportReporter -->
<testsuite hostname="DESKTOP-DN5FO98" failures="0" tests="1" name="testNgpkg.Brokenlinks" time="6.415" errors="0" timestamp="2024-07-14T11:38:58 IST" skipped="0">
  <testcase classname="testNgpkg.Brokenlinks" name="test" time="6.415"/>
  <system-out/>
</testsuite> <!-- testNgpkg.Brokenlinks -->
