<?xml version="1.0" encoding="UTF-8"?>
<!-- Generated by org.testng.reporters.JUnitReportReporter -->
<testsuite hostname="DESKTOP-DN5FO98" failures="0" tests="1" name="test.Fbloginpgm" time="0.736" errors="0" timestamp="2024-07-19T10:14:32 IST" skipped="0">
  <testcase classname="test.Fbloginpgm" name="test1" time="0.736"/>
  <system-out/>
</testsuite> <!-- test.Fbloginpgm -->
