<?xml version="1.0" encoding="UTF-8"?>
<!-- Generated by org.testng.reporters.JUnitReportReporter -->
<testsuite hostname="DESKTOP-DN5FO98" failures="0" tests="1" name="demotestpkg.Demositetest" time="28.245" errors="0" timestamp="2024-07-24T16:32:07 IST" skipped="0">
  <testcase classname="demotestpkg.Demositetest" name="test1" time="28.245"/>
  <system-out/>
</testsuite> <!-- demotestpkg.Demositetest -->
