<?xml version="1.0" encoding="UTF-8"?>
<!-- Generated by org.testng.reporters.JUnitReportReporter -->
<testsuite hostname="DESKTOP-DN5FO98" failures="0" tests="2" name="testNgpkg.Priority" time="0.028" errors="0" timestamp="2024-07-09T11:17:10 IST" skipped="0">
  <testcase classname="testNgpkg.Priority" name="test1" time="0.025"/>
  <system-out/>
  <testcase classname="testNgpkg.Priority" name="test3" time="0.003"/>
  <system-out/>
</testsuite> <!-- testNgpkg.Priority -->
