<?xml version="1.0" encoding="UTF-8"?>
<!-- Generated by org.testng.reporters.JUnitReportReporter -->
<testsuite hostname="DESKTOP-DN5FO98" failures="0" tests="1" name="testNgpkg.Ebay" time="14.811" errors="0" timestamp="2024-07-11T11:41:38 IST" skipped="0">
  <testcase classname="testNgpkg.Ebay" name="test" time="14.811"/>
  <system-out/>
</testsuite> <!-- testNgpkg.Ebay -->
