<?xml version="1.0" encoding="UTF-8"?>
<!-- Generated by org.testng.reporters.JUnitReportReporter -->
<testsuite hostname="DESKTOP-DN5FO98" failures="0" tests="2" name="testNgpkg.Reportgeneration" time="5.231" errors="0" timestamp="2024-07-23T10:29:13 IST" skipped="0">
  <testcase classname="testNgpkg.Reportgeneration" name="test1" time="1.055"/>
  <system-out/>
  <testcase classname="testNgpkg.Reportgeneration" name="test2" time="4.176"/>
  <system-out/>
</testsuite> <!-- testNgpkg.Reportgeneration -->
