<?xml version="1.0" encoding="UTF-8"?>
<!-- Generated by org.testng.reporters.JUnitReportReporter -->
<testsuite hostname="DESKTOP-DN5FO98" failures="0" tests="2" name="Seleniumpkg.Testngprblm" time="21.514" errors="0" timestamp="2024-07-09T10:29:48 IST" skipped="0">
  <testcase classname="Seleniumpkg.Testngprblm" name="test2" time="19.437"/>
  <system-out/>
  <testcase classname="Seleniumpkg.Testngprblm" name="test1" time="2.077"/>
  <system-out/>
</testsuite> <!-- Seleniumpkg.Testngprblm -->
