<?xml version="1.0" encoding="UTF-8"?>
<!-- Generated by org.testng.reporters.JUnitReportReporter -->
<testsuite hostname="DESKTOP-DN5FO98" failures="0" tests="1" name="testNgpkg.Logoverification" time="16.142" errors="0" timestamp="2024-07-22T09:45:26 IST" skipped="0">
  <testcase classname="testNgpkg.Logoverification" name="test" time="16.142"/>
  <system-out/>
</testsuite> <!-- testNgpkg.Logoverification -->
