<?xml version="1.0" encoding="UTF-8"?>
<!-- Generated by org.testng.reporters.JUnitReportReporter -->
<testsuite hostname="DESKTOP-DN5FO98" failures="0" tests="1" name="testNgpkg.Droppable" time="20.436" errors="0" timestamp="2024-07-10T11:29:34 IST" skipped="0">
  <testcase classname="testNgpkg.Droppable" name="test" time="20.436"/>
  <system-out/>
</testsuite> <!-- testNgpkg.Droppable -->
